<?xml version="1.0" encoding="UTF-8"?>
<!-- Generated by org.testng.reporters.JUnitXMLReporter -->
<testsuite ignored="0" hostname="DESKTOP-4F0AOFN" failures="2" tests="6" name="product verify and order place Test" time="118.107" errors="0" timestamp="2025-02-09T16:32:10 IST">
  <testcase classname="seleniumframework.Tests.Purchaseordersuccess" name="Ordersubmit" time="3.121">
    <skipped/>
  </testcase> <!-- Ordersubmit -->
  <testcase classname="seleniumframework.Tests.Purchaseordersuccess" name="Ordersubmit" time="4.298">
    <failure type="java.lang.NullPointerException" message="Cannot invoke &amp;quot;org.openqa.selenium.WebElement.findElement(org.openqa.selenium.By)&amp;quot; because &amp;quot;prod&amp;quot; is null">
      <![CDATA[java.lang.NullPointerException: Cannot invoke "org.openqa.selenium.WebElement.findElement(org.openqa.selenium.By)" because "prod" is null
at PageObjectdesigns.Purchasepage.addProductToCart(Purchasepage.java:60)
at seleniumframework.Tests.Purchaseordersuccess.Ordersubmit(Purchaseordersuccess.java:45)
at java.base/java.util.ArrayList.forEach(ArrayList.java:1596)
... Removed 29 stack frames]]>
    </failure>
  </testcase> <!-- Ordersubmit -->
  <testcase classname="seleniumframework.Tests.Purchaseordersuccess" name="productVerifyFail" time="3.278">
    <failure type="java.lang.NullPointerException" message="Cannot invoke &amp;quot;org.openqa.selenium.WebElement.findElement(org.openqa.selenium.By)&amp;quot; because &amp;quot;prod&amp;quot; is null">
      <![CDATA[java.lang.NullPointerException: Cannot invoke "org.openqa.selenium.WebElement.findElement(org.openqa.selenium.By)" because "prod" is null
at PageObjectdesigns.Purchasepage.addProductToCart(Purchasepage.java:60)
at seleniumframework.Tests.Purchaseordersuccess.productVerifyFail(Purchaseordersuccess.java:72)
at java.base/java.util.ArrayList.forEach(ArrayList.java:1596)
... Removed 29 stack frames]]>
    </failure>
  </testcase> <!-- productVerifyFail -->
  <testcase classname="seleniumframework.Tests.Purchaseordersuccess" name="verifyOrderPageForProduct" time="0.0">
    <skipped/>
  </testcase> <!-- verifyOrderPageForProduct -->
  <testcase classname="seleniumframework.Tests.Errorlogin" name="errorLogin2" time="1.943"/>
  <testcase classname="seleniumframework.Tests.Errorlogin" name="errorLogin2" time="2.13"/>
</testsuite> <!-- product verify and order place Test -->
